This is pdfTeX, Version 3.141592653-2.6-1.40.23 (MiKTeX 21.8) (preloaded format=pdflatex 2021.9.27)  24 FEB 2023 12:07
entering extended mode
**"./Attractor inspired Deep Learning for Modelling Chaotic Systems.tex"
(Attractor inspired Deep Learning for Modelling Chaotic Systems.tex
LaTeX2e <2021-06-01> patch level 1
L3 programming layer <2021-08-27> (IEEEtran.cls
Document Class: IEEEtran 2015/08/26 V1.8b by Michael Shell
-- See the "IEEEtran_HOWTO" manual for usage information.
-- http://www.michaelshell.org/tex/ieeetran/
\@IEEEtrantmpdimenA=\dimen138
\@IEEEtrantmpdimenB=\dimen139
\@IEEEtrantmpdimenC=\dimen140
\@IEEEtrantmpcountA=\count182
\@IEEEtrantmpcountB=\count183
\@IEEEtrantmpcountC=\count184
\@IEEEtrantmptoksA=\toks16
LaTeX Font Info:    Trying to load font information for OT1+ptm on input line 5
03.

(C:\Users\Anurag Dutta\AppData\Local\Programs\MiKTeX\tex/latex/psnfss\ot1ptm.fd
File: ot1ptm.fd 2001/06/04 font definitions for OT1/ptm.
)
-- Using 8.5in x 11in (letter) paper.
-- Using PDF output.
\@IEEEnormalsizeunitybaselineskip=\dimen141
-- This is a 10 point document.
\CLASSINFOnormalsizebaselineskip=\dimen142
\CLASSINFOnormalsizeunitybaselineskip=\dimen143
\IEEEnormaljot=\dimen144
LaTeX Font Info:    Font shape `OT1/ptm/bx/n' in size <5> not available
(Font)              Font shape `OT1/ptm/b/n' tried instead on input line 1090.
LaTeX Font Info:    Font shape `OT1/ptm/bx/it' in size <5> not available
(Font)              Font shape `OT1/ptm/b/it' tried instead on input line 1090.

LaTeX Font Info:    Font shape `OT1/ptm/bx/n' in size <7> not available
(Font)              Font shape `OT1/ptm/b/n' tried instead on input line 1090.
LaTeX Font Info:    Font shape `OT1/ptm/bx/it' in size <7> not available
(Font)              Font shape `OT1/ptm/b/it' tried instead on input line 1090.

LaTeX Font Info:    Font shape `OT1/ptm/bx/n' in size <8> not available
(Font)              Font shape `OT1/ptm/b/n' tried instead on input line 1090.
LaTeX Font Info:    Font shape `OT1/ptm/bx/it' in size <8> not available
(Font)              Font shape `OT1/ptm/b/it' tried instead on input line 1090.

LaTeX Font Info:    Font shape `OT1/ptm/bx/n' in size <9> not available
(Font)              Font shape `OT1/ptm/b/n' tried instead on input line 1090.
LaTeX Font Info:    Font shape `OT1/ptm/bx/it' in size <9> not available
(Font)              Font shape `OT1/ptm/b/it' tried instead on input line 1090.

LaTeX Font Info:    Font shape `OT1/ptm/bx/n' in size <10> not available
(Font)              Font shape `OT1/ptm/b/n' tried instead on input line 1090.
LaTeX Font Info:    Font shape `OT1/ptm/bx/it' in size <10> not available
(Font)              Font shape `OT1/ptm/b/it' tried instead on input line 1090.

LaTeX Font Info:    Font shape `OT1/ptm/bx/n' in size <11> not available
(Font)              Font shape `OT1/ptm/b/n' tried instead on input line 1090.
LaTeX Font Info:    Font shape `OT1/ptm/bx/it' in size <11> not available
(Font)              Font shape `OT1/ptm/b/it' tried instead on input line 1090.

LaTeX Font Info:    Font shape `OT1/ptm/bx/n' in size <12> not available
(Font)              Font shape `OT1/ptm/b/n' tried instead on input line 1090.
LaTeX Font Info:    Font shape `OT1/ptm/bx/it' in size <12> not available
(Font)              Font shape `OT1/ptm/b/it' tried instead on input line 1090.

LaTeX Font Info:    Font shape `OT1/ptm/bx/n' in size <17> not available
(Font)              Font shape `OT1/ptm/b/n' tried instead on input line 1090.
LaTeX Font Info:    Font shape `OT1/ptm/bx/it' in size <17> not available
(Font)              Font shape `OT1/ptm/b/it' tried instead on input line 1090.

LaTeX Font Info:    Font shape `OT1/ptm/bx/n' in size <20> not available
(Font)              Font shape `OT1/ptm/b/n' tried instead on input line 1090.
LaTeX Font Info:    Font shape `OT1/ptm/bx/it' in size <20> not available
(Font)              Font shape `OT1/ptm/b/it' tried instead on input line 1090.

LaTeX Font Info:    Font shape `OT1/ptm/bx/n' in size <24> not available
(Font)              Font shape `OT1/ptm/b/n' tried instead on input line 1090.
LaTeX Font Info:    Font shape `OT1/ptm/bx/it' in size <24> not available
(Font)              Font shape `OT1/ptm/b/it' tried instead on input line 1090.

\IEEEquantizedlength=\dimen145
\IEEEquantizedlengthdiff=\dimen146
\IEEEquantizedtextheightdiff=\dimen147
\IEEEilabelindentA=\dimen148
\IEEEilabelindentB=\dimen149
\IEEEilabelindent=\dimen150
\IEEEelabelindent=\dimen151
\IEEEdlabelindent=\dimen152
\IEEElabelindent=\dimen153
\IEEEiednormlabelsep=\dimen154
\IEEEiedmathlabelsep=\dimen155
\IEEEiedtopsep=\skip47
\c@section=\count185
\c@subsection=\count186
\c@subsubsection=\count187
\c@paragraph=\count188
\c@IEEEsubequation=\count189
\abovecaptionskip=\skip48
\belowcaptionskip=\skip49
\c@figure=\count190
\c@table=\count191
\@IEEEeqnnumcols=\count192
\@IEEEeqncolcnt=\count193
\@IEEEsubeqnnumrollback=\count194
\@IEEEquantizeheightA=\dimen156
\@IEEEquantizeheightB=\dimen157
\@IEEEquantizeheightC=\dimen158
\@IEEEquantizeprevdepth=\dimen159
\@IEEEquantizemultiple=\count195
\@IEEEquantizeboxA=\box50
\@IEEEtmpitemindent=\dimen160
\IEEEPARstartletwidth=\dimen161
\c@IEEEbiography=\count196
\@IEEEtranrubishbin=\box51
)
** ATTENTION: Overriding command lockouts (line 2).
(C:\Users\Anurag Dutta\AppData\Local\Programs\MiKTeX\tex/latex/cite\cite.sty
LaTeX Info: Redefining \cite on input line 302.
LaTeX Info: Redefining \nocite on input line 332.
Package: cite 2015/02/27  v 5.5
)
(C:\Users\Anurag Dutta\AppData\Local\Programs\MiKTeX\tex/latex/amsmath\amsmath.
sty
Package: amsmath 2021/04/20 v2.17j AMS math features
\@mathmargin=\skip50

For additional information on amsmath, use the `?' option.

(C:\Users\Anurag Dutta\AppData\Local\Programs\MiKTeX\tex/latex/amsmath\amstext.
sty
Package: amstext 2000/06/29 v2.01 AMS text

(C:\Users\Anurag Dutta\AppData\Local\Programs\MiKTeX\tex/latex/amsmath\amsgen.s
ty
File: amsgen.sty 1999/11/30 v2.0 generic functions
\@emptytoks=\toks17
\ex@=\dimen162
))
(C:\Users\Anurag Dutta\AppData\Local\Programs\MiKTeX\tex/latex/amsmath\amsbsy.s
ty
Package: amsbsy 1999/11/29 v1.2d Bold Symbols
\pmbraise@=\dimen163
)
(C:\Users\Anurag Dutta\AppData\Local\Programs\MiKTeX\tex/latex/amsmath\amsopn.s
ty
Package: amsopn 2016/03/08 v2.02 operator names
)
\inf@bad=\count197
LaTeX Info: Redefining \frac on input line 234.
\uproot@=\count198
\leftroot@=\count199
LaTeX Info: Redefining \overline on input line 399.
\classnum@=\count266
\DOTSCASE@=\count267
LaTeX Info: Redefining \ldots on input line 496.
LaTeX Info: Redefining \dots on input line 499.
LaTeX Info: Redefining \cdots on input line 620.
\Mathstrutbox@=\box52
\strutbox@=\box53
\big@size=\dimen164
LaTeX Font Info:    Redeclaring font encoding OML on input line 743.
LaTeX Font Info:    Redeclaring font encoding OMS on input line 744.
\macc@depth=\count268
\c@MaxMatrixCols=\count269
\dotsspace@=\muskip16
\c@parentequation=\count270
\dspbrk@lvl=\count271
\tag@help=\toks18
\row@=\count272
\column@=\count273
\maxfields@=\count274
\andhelp@=\toks19
\eqnshift@=\dimen165
\alignsep@=\dimen166
\tagshift@=\dimen167
\tagwidth@=\dimen168
\totwidth@=\dimen169
\lineht@=\dimen170
\@envbody=\toks20
\multlinegap=\skip51
\multlinetaggap=\skip52
\mathdisplay@stack=\toks21
LaTeX Info: Redefining \[ on input line 2923.
LaTeX Info: Redefining \] on input line 2924.
)
(C:\Users\Anurag Dutta\AppData\Local\Programs\MiKTeX\tex/latex/amsfonts\amssymb
.sty
Package: amssymb 2013/01/14 v3.01 AMS font symbols

(C:\Users\Anurag Dutta\AppData\Local\Programs\MiKTeX\tex/latex/amsfonts\amsfont
s.sty
Package: amsfonts 2013/01/14 v3.01 Basic AMSFonts support
\symAMSa=\mathgroup4
\symAMSb=\mathgroup5
LaTeX Font Info:    Redeclaring math symbol \hbar on input line 98.
LaTeX Font Info:    Overwriting math alphabet `\mathfrak' in version `bold'
(Font)                  U/euf/m/n --> U/euf/b/n on input line 106.
))
(C:\Users\Anurag Dutta\AppData\Local\Programs\MiKTeX\tex/latex/tools\tabularx.s
ty
Package: tabularx 2020/01/15 v2.11c `tabularx' package (DPC)

(C:\Users\Anurag Dutta\AppData\Local\Programs\MiKTeX\tex/latex/tools\array.sty
Package: array 2021/04/20 v2.5e Tabular extension package (FMi)
\col@sep=\dimen171
\ar@mcellbox=\box54
\extrarowheight=\dimen172
\NC@list=\toks22
\extratabsurround=\skip53
\backup@length=\skip54
\ar@cellbox=\box55
)
\TX@col@width=\dimen173
\TX@old@table=\dimen174
\TX@old@col=\dimen175
\TX@target=\dimen176
\TX@delta=\dimen177
\TX@cols=\count275
\TX@ftn=\toks23
)
(C:\Users\Anurag Dutta\AppData\Local\Programs\MiKTeX\tex/latex/booktabs\booktab
s.sty
Package: booktabs 2020/01/12 v1.61803398 Publication quality tables
\heavyrulewidth=\dimen178
\lightrulewidth=\dimen179
\cmidrulewidth=\dimen180
\belowrulesep=\dimen181
\belowbottomsep=\dimen182
\aboverulesep=\dimen183
\abovetopsep=\dimen184
\cmidrulesep=\dimen185
\cmidrulekern=\dimen186
\defaultaddspace=\dimen187
\@cmidla=\count276
\@cmidlb=\count277
\@aboverulesep=\dimen188
\@belowrulesep=\dimen189
\@thisruleclass=\count278
\@lastruleclass=\count279
\@thisrulewidth=\dimen190
)
   defining Unicode char U+2009 (decimal 8201)

(C:\Users\Anurag Dutta\AppData\Local\Programs\MiKTeX\tex/latex/graphics\graphic
x.sty
Package: graphicx 2020/12/05 v1.2c Enhanced LaTeX Graphics (DPC,SPQR)

(C:\Users\Anurag Dutta\AppData\Local\Programs\MiKTeX\tex/latex/graphics\keyval.
sty
Package: keyval 2014/10/28 v1.15 key=value parser (DPC)
\KV@toks@=\toks24
)
(C:\Users\Anurag Dutta\AppData\Local\Programs\MiKTeX\tex/latex/graphics\graphic
s.sty
Package: graphics 2021/03/04 v1.4d Standard LaTeX Graphics (DPC,SPQR)

(C:\Users\Anurag Dutta\AppData\Local\Programs\MiKTeX\tex/latex/graphics\trig.st
y
Package: trig 2016/01/03 v1.10 sin cos tan (DPC)
)
(C:\Users\Anurag Dutta\AppData\Local\Programs\MiKTeX\tex/latex/graphics-cfg\gra
phics.cfg
File: graphics.cfg 2016/06/04 v1.11 sample graphics configuration
)
Package graphics Info: Driver file: pdftex.def on input line 107.

(C:\Users\Anurag Dutta\AppData\Local\Programs\MiKTeX\tex/latex/graphics-def\pdf
tex.def
File: pdftex.def 2020/10/05 v1.2a Graphics/color driver for pdftex
))
\Gin@req@height=\dimen191
\Gin@req@width=\dimen192
)
(C:\Users\Anurag Dutta\AppData\Local\Programs\MiKTeX\tex/latex/caption\caption.
sty
Package: caption 2022/03/01 v3.6b Customizing captions (AR)

(C:\Users\Anurag Dutta\AppData\Local\Programs\MiKTeX\tex/latex/caption\caption3
.sty
Package: caption3 2022/03/17 v2.3b caption3 kernel (AR)
\caption@tempdima=\dimen193
\captionmargin=\dimen194
\caption@leftmargin=\dimen195
\caption@rightmargin=\dimen196
\caption@width=\dimen197
\caption@indent=\dimen198
\caption@parindent=\dimen199
\caption@hangindent=\dimen256
Package caption Info: Unknown document class (or package),
(caption)             standard defaults will be used.
Package caption Info: \@makecaption = \long macro:#1#2->\ifx \@captype \@IEEEta
blestring \footnotesize \bgroup \par \centering \@IEEEtabletopskipstrut {\norma
lfont \footnotesize #1}\\{\normalfont \footnotesize \scshape #2}\par \addvspace
 {0.5\baselineskip }\egroup \@IEEEtablecaptionsepspace \else \@IEEEfigurecaptio
nsepspace \setbox \@tempboxa \hbox {\normalfont \footnotesize {#1.}\nobreakspac
e \nobreakspace #2}\ifdim \wd \@tempboxa >\hsize \setbox \@tempboxa \hbox {\nor
malfont \footnotesize {#1.}\nobreakspace \nobreakspace }\parbox [t]{\hsize }{\n
ormalfont \footnotesize \noindent \unhbox \@tempboxa #2}\else \ifCLASSOPTIONcon
ference \hbox to\hsize {\normalfont \footnotesize \hfil \box \@tempboxa \hfil }
\else \hbox to\hsize {\normalfont \footnotesize \box \@tempboxa \hfil }\fi \fi 
\fi  on input line 1176.
)

Package caption Warning: Unknown document class (or package),
(caption)                standard defaults will be used.
See the caption package documentation for explanation.

\c@caption@flags=\count280
\c@continuedfloat=\count281
)
(C:\Users\Anurag Dutta\AppData\Local\Programs\MiKTeX\tex/latex/caption\subcapti
on.sty
Package: subcaption 2022/01/07 v1.5 Sub-captions (AR)
\c@subfigure=\count282
\c@subtable=\count283
)
(C:\Users\Anurag Dutta\AppData\Local\Programs\MiKTeX\tex/latex/hyperref\hyperre
f.sty
Package: hyperref 2021-06-07 v7.00m Hypertext links for LaTeX

(C:\Users\Anurag Dutta\AppData\Local\Programs\MiKTeX\tex/generic/ltxcmds\ltxcmd
s.sty
Package: ltxcmds 2020-05-10 v1.25 LaTeX kernel commands for general use (HO)
)
(C:\Users\Anurag Dutta\AppData\Local\Programs\MiKTeX\tex/generic/iftex\iftex.st
y
Package: iftex 2020/03/06 v1.0d TeX engine tests
)
(C:\Users\Anurag Dutta\AppData\Local\Programs\MiKTeX\tex/generic/pdftexcmds\pdf
texcmds.sty
Package: pdftexcmds 2020-06-27 v0.33 Utility functions of pdfTeX for LuaTeX (HO
)

(C:\Users\Anurag Dutta\AppData\Local\Programs\MiKTeX\tex/generic/infwarerr\infw
arerr.sty
Package: infwarerr 2019/12/03 v1.5 Providing info/warning/error messages (HO)
)
Package pdftexcmds Info: \pdf@primitive is available.
Package pdftexcmds Info: \pdf@ifprimitive is available.
Package pdftexcmds Info: \pdfdraftmode found.
)
(C:\Users\Anurag Dutta\AppData\Local\Programs\MiKTeX\tex/generic/kvsetkeys\kvse
tkeys.sty
Package: kvsetkeys 2019/12/15 v1.18 Key value parser (HO)
)
(C:\Users\Anurag Dutta\AppData\Local\Programs\MiKTeX\tex/generic/kvdefinekeys\k
vdefinekeys.sty
Package: kvdefinekeys 2019-12-19 v1.6 Define keys (HO)
)
(C:\Users\Anurag Dutta\AppData\Local\Programs\MiKTeX\tex/generic/pdfescape\pdfe
scape.sty
Package: pdfescape 2019/12/09 v1.15 Implements pdfTeX's escape features (HO)
)
(C:\Users\Anurag Dutta\AppData\Local\Programs\MiKTeX\tex/latex/hycolor\hycolor.
sty
Package: hycolor 2020-01-27 v1.10 Color options for hyperref/bookmark (HO)
)
(C:\Users\Anurag Dutta\AppData\Local\Programs\MiKTeX\tex/latex/letltxmacro\letl
txmacro.sty
Package: letltxmacro 2019/12/03 v1.6 Let assignment for LaTeX macros (HO)
)
(C:\Users\Anurag Dutta\AppData\Local\Programs\MiKTeX\tex/latex/auxhook\auxhook.
sty
Package: auxhook 2019-12-17 v1.6 Hooks for auxiliary files (HO)
)
(C:\Users\Anurag Dutta\AppData\Local\Programs\MiKTeX\tex/latex/kvoptions\kvopti
ons.sty
Package: kvoptions 2020-10-07 v3.14 Key value format for package options (HO)
)
\@linkdim=\dimen257
\Hy@linkcounter=\count284
\Hy@pagecounter=\count285

(C:\Users\Anurag Dutta\AppData\Local\Programs\MiKTeX\tex/latex/hyperref\pd1enc.
def
File: pd1enc.def 2021-06-07 v7.00m Hyperref: PDFDocEncoding definition (HO)
Now handling font encoding PD1 ...
... no UTF-8 mapping file for font encoding PD1
)
(C:\Users\Anurag Dutta\AppData\Local\Programs\MiKTeX\tex/latex/hyperref\hyperre
f-langpatches.def
File: hyperref-langpatches.def 2021-06-07 v7.00m Hyperref: patches for babel la
nguages
)
(C:\Users\Anurag Dutta\AppData\Local\Programs\MiKTeX\tex/generic/intcalc\intcal
c.sty
Package: intcalc 2019/12/15 v1.3 Expandable calculations with integers (HO)
)
(C:\Users\Anurag Dutta\AppData\Local\Programs\MiKTeX\tex/generic/etexcmds\etexc
mds.sty
Package: etexcmds 2019/12/15 v1.7 Avoid name clashes with e-TeX commands (HO)
)
\Hy@SavedSpaceFactor=\count286

(C:\Users\Anurag Dutta\AppData\Local\Programs\MiKTeX\tex/latex/hyperref\puenc.d
ef
File: puenc.def 2021-06-07 v7.00m Hyperref: PDF Unicode definition (HO)
Now handling font encoding PU ...
... no UTF-8 mapping file for font encoding PU
)
Package hyperref Info: Hyper figures OFF on input line 4192.
Package hyperref Info: Link nesting OFF on input line 4197.
Package hyperref Info: Hyper index ON on input line 4200.
Package hyperref Info: Plain pages OFF on input line 4207.
Package hyperref Info: Backreferencing OFF on input line 4212.
Package hyperref Info: Implicit mode ON; LaTeX internals redefined.
Package hyperref Info: Bookmarks ON on input line 4445.
\c@Hy@tempcnt=\count287
 (C:\Users\Anurag Dutta\AppData\Local\Programs\MiKTeX\tex/latex/url\url.sty
\Urlmuskip=\muskip17
Package: url 2013/09/16  ver 3.4  Verb mode for urls, etc.
)
LaTeX Info: Redefining \url on input line 4804.
\XeTeXLinkMargin=\dimen258

(C:\Users\Anurag Dutta\AppData\Local\Programs\MiKTeX\tex/generic/bitset\bitset.
sty
Package: bitset 2019/12/09 v1.3 Handle bit-vector datatype (HO)

(C:\Users\Anurag Dutta\AppData\Local\Programs\MiKTeX\tex/generic/bigintcalc\big
intcalc.sty
Package: bigintcalc 2019/12/15 v1.5 Expandable calculations on big integers (HO
)
))
\Fld@menulength=\count288
\Field@Width=\dimen259
\Fld@charsize=\dimen260
Package hyperref Info: Hyper figures OFF on input line 6076.
Package hyperref Info: Link nesting OFF on input line 6081.
Package hyperref Info: Hyper index ON on input line 6084.
Package hyperref Info: backreferencing OFF on input line 6091.
Package hyperref Info: Link coloring OFF on input line 6096.
Package hyperref Info: Link coloring with OCG OFF on input line 6101.
Package hyperref Info: PDF/A mode OFF on input line 6106.
LaTeX Info: Redefining \ref on input line 6146.
LaTeX Info: Redefining \pageref on input line 6150.

(C:\Users\Anurag Dutta\AppData\Local\Programs\MiKTeX\tex/latex/base\atbegshi-lt
x.sty
Package: atbegshi-ltx 2021/01/10 v1.0c Emulation of the original atbegshi
package with kernel methods
)
\Hy@abspage=\count289
\c@Item=\count290
\c@Hfootnote=\count291
)
Package hyperref Info: Driver (autodetected): hpdftex.

(C:\Users\Anurag Dutta\AppData\Local\Programs\MiKTeX\tex/latex/hyperref\hpdftex
.def
File: hpdftex.def 2021-06-07 v7.00m Hyperref driver for pdfTeX

(C:\Users\Anurag Dutta\AppData\Local\Programs\MiKTeX\tex/latex/base\atveryend-l
tx.sty
Package: atveryend-ltx 2020/08/19 v1.0a Emulation of the original atvery packag
e
with kernel methods
)
\Fld@listcount=\count292
\c@bookmark@seq@number=\count293

(C:\Users\Anurag Dutta\AppData\Local\Programs\MiKTeX\tex/latex/rerunfilecheck\r
erunfilecheck.sty
Package: rerunfilecheck 2019/12/05 v1.9 Rerun checks for auxiliary files (HO)

(C:\Users\Anurag Dutta\AppData\Local\Programs\MiKTeX\tex/generic/uniquecounter\
uniquecounter.sty
Package: uniquecounter 2019/12/15 v1.4 Provide unlimited unique counter (HO)
)
Package uniquecounter Info: New unique counter `rerunfilecheck' on input line 2
86.
)
\Hy@SectionHShift=\skip55
)
(C:\Users\Anurag Dutta\AppData\Local\Programs\MiKTeX\tex/latex/base\textcomp.st
y
Package: textcomp 2020/02/02 v2.0n Standard LaTeX package
)
(C:\Users\Anurag Dutta\AppData\Local\Programs\MiKTeX\tex/latex/xcolor\xcolor.st
y
Package: xcolor 2016/05/11 v2.12 LaTeX color extensions (UK)

(C:\Users\Anurag Dutta\AppData\Local\Programs\MiKTeX\tex/latex/graphics-cfg\col
or.cfg
File: color.cfg 2016/01/02 v1.6 sample color configuration
)
Package xcolor Info: Driver file: pdftex.def on input line 225.
Package xcolor Info: Model `cmy' substituted by `cmy0' on input line 1348.
Package xcolor Info: Model `hsb' substituted by `rgb' on input line 1352.
Package xcolor Info: Model `RGB' extended on input line 1364.
Package xcolor Info: Model `HTML' substituted by `rgb' on input line 1366.
Package xcolor Info: Model `Hsb' substituted by `hsb' on input line 1367.
Package xcolor Info: Model `tHsb' substituted by `hsb' on input line 1368.
Package xcolor Info: Model `HSB' substituted by `hsb' on input line 1369.
Package xcolor Info: Model `Gray' substituted by `gray' on input line 1370.
Package xcolor Info: Model `wave' substituted by `hsb' on input line 1371.
)
(C:\Users\Anurag Dutta\AppData\Local\Programs\MiKTeX\tex/latex/multirow\multiro
w.sty
Package: multirow 2021/03/15 v2.8 Span multiple rows of a table
\multirow@colwidth=\skip56
\multirow@cntb=\count294
\multirow@dima=\skip57
\bigstrutjot=\dimen261
)
(C:\Users\Anurag Dutta\AppData\Local\Programs\MiKTeX\tex/latex/mathtools\mathto
ols.sty
Package: mathtools 2021/04/12 v1.27 mathematical typesetting tools

(C:\Users\Anurag Dutta\AppData\Local\Programs\MiKTeX\tex/latex/tools\calc.sty
Package: calc 2017/05/25 v4.3 Infix arithmetic (KKT,FJ)
\calc@Acount=\count295
\calc@Bcount=\count296
\calc@Adimen=\dimen262
\calc@Bdimen=\dimen263
\calc@Askip=\skip58
\calc@Bskip=\skip59
LaTeX Info: Redefining \setlength on input line 80.
LaTeX Info: Redefining \addtolength on input line 81.
\calc@Ccount=\count297
\calc@Cskip=\skip60
)
(C:\Users\Anurag Dutta\AppData\Local\Programs\MiKTeX\tex/latex/mathtools\mhsetu
p.sty
Package: mhsetup 2021/03/18 v1.4 programming setup (MH)
)
LaTeX Info: Thecontrolsequence`\('isalreadyrobust on input line 130.
LaTeX Info: Thecontrolsequence`\)'isalreadyrobust on input line 130.
LaTeX Info: Thecontrolsequence`\['isalreadyrobust on input line 130.
LaTeX Info: Thecontrolsequence`\]'isalreadyrobust on input line 130.
\g_MT_multlinerow_int=\count298
\l_MT_multwidth_dim=\dimen264
\origjot=\skip61
\l_MT_shortvdotswithinadjustabove_dim=\dimen265
\l_MT_shortvdotswithinadjustbelow_dim=\dimen266
\l_MT_above_intertext_sep=\dimen267
\l_MT_below_intertext_sep=\dimen268
\l_MT_above_shortintertext_sep=\dimen269
\l_MT_below_shortintertext_sep=\dimen270
\xmathstrut@box=\box56
\xmathstrut@dim=\dimen271
)
(C:\Users\Anurag Dutta\AppData\Local\Programs\MiKTeX\tex/latex/sttools\cuted.st
y
Package: cuted 2021/10/04 v2.0 Mixing onecolumn and twocolumn modes
\At@ViperColsBreak=\toks25
\preCutedStrip=\toks26
\postCutedStrip=\toks27
\cuted@@tempbox@a=\box57
\cuted@@tempbox@c=\box58
\cuted@@tempbox@var=\box59
\hold@viper=\box60
\@viper=\box61
\cuted@@varbox@a=\box62
\cuted@@varbox@c=\box63
\cuted@@tempdim@spread=\dimen272
\cuted@@tempdim@a=\dimen273
\cuted@@tempdim@b=\dimen274
\ht@hold@viper=\dimen275
\ht@viper=\dimen276
\var@@pagediscards@ht=\dimen277
\stripsep=\skip62
\viper@penalty=\count299
)
(C:\Users\Anurag Dutta\AppData\Local\Programs\MiKTeX\tex/latex/algorithms\algor
ithm.sty
Package: algorithm 2009/08/24 v0.1 Document Style `algorithm' - floating enviro
nment

(C:\Users\Anurag Dutta\AppData\Local\Programs\MiKTeX\tex/latex/float\float.sty
Package: float 2001/11/08 v1.3d Float enhancements (AL)
\c@float@type=\count300
\float@exts=\toks28
\float@box=\box64
\@float@everytoks=\toks29
\@floatcapt=\box65
) (C:\Users\Anurag Dutta\AppData\Local\Programs\MiKTeX\tex/latex/base\ifthen.st
y
Package: ifthen 2020/11/24 v1.1c Standard LaTeX ifthen package (DPC)
)
\@float@every@algorithm=\toks30
\c@algorithm=\count301
)
(C:\Users\Anurag Dutta\AppData\Local\Programs\MiKTeX\tex/latex/algorithmicx\alg
pseudocode.sty
Package: algpseudocode 

(C:\Users\Anurag Dutta\AppData\Local\Programs\MiKTeX\tex/latex/algorithmicx\alg
orithmicx.sty
Package: algorithmicx 2005/04/27 v1.2 Algorithmicx

Document Style algorithmicx 1.2 - a greatly improved `algorithmic' style
\c@ALG@line=\count302
\c@ALG@rem=\count303
\c@ALG@nested=\count304
\ALG@tlm=\skip63
\ALG@thistlm=\skip64
\c@ALG@Lnr=\count305
\c@ALG@blocknr=\count306
\c@ALG@storecount=\count307
\c@ALG@tmpcounter=\count308
\ALG@tmplength=\skip65
)
Document Style - pseudocode environments for use with the `algorithmicx' style
)
(C:\Users\Anurag Dutta\AppData\Local\Programs\MiKTeX\tex/latex/l3backend\l3back
end-pdftex.def
File: l3backend-pdftex.def 2021-08-04 L3 backend support: PDF output (pdfTeX)
\l__color_backend_stack_int=\count309
\l__pdf_internal_box=\box66
)
(Attractor inspired Deep Learning for Modelling Chaotic Systems.aux)
\openout1 = `"Attractor inspired Deep Learning for Modelling Chaotic Systems.au
x"'.

LaTeX Font Info:    Checking defaults for OML/cmm/m/it on input line 33.
LaTeX Font Info:    ... okay on input line 33.
LaTeX Font Info:    Checking defaults for OMS/cmsy/m/n on input line 33.
LaTeX Font Info:    ... okay on input line 33.
LaTeX Font Info:    Checking defaults for OT1/cmr/m/n on input line 33.
LaTeX Font Info:    ... okay on input line 33.
LaTeX Font Info:    Checking defaults for T1/cmr/m/n on input line 33.
LaTeX Font Info:    ... okay on input line 33.
LaTeX Font Info:    Checking defaults for TS1/cmr/m/n on input line 33.
LaTeX Font Info:    ... okay on input line 33.
LaTeX Font Info:    Checking defaults for OMX/cmex/m/n on input line 33.
LaTeX Font Info:    ... okay on input line 33.
LaTeX Font Info:    Checking defaults for U/cmr/m/n on input line 33.
LaTeX Font Info:    ... okay on input line 33.
LaTeX Font Info:    Checking defaults for PD1/pdf/m/n on input line 33.
LaTeX Font Info:    ... okay on input line 33.
LaTeX Font Info:    Checking defaults for PU/pdf/m/n on input line 33.
LaTeX Font Info:    ... okay on input line 33.

-- Lines per column: 56 (exact).

(C:\Users\Anurag Dutta\AppData\Local\Programs\MiKTeX\tex/context/base/mkii\supp
-pdf.mkii
[Loading MPS to PDF converter (version 2006.09.02).]
\scratchcounter=\count310
\scratchdimen=\dimen278
\scratchbox=\box67
\nofMPsegments=\count311
\nofMParguments=\count312
\everyMPshowfont=\toks31
\MPscratchCnt=\count313
\MPscratchDim=\dimen279
\MPnumerator=\count314
\makeMPintoPDFobject=\count315
\everyMPtoPDFconversion=\toks32
)
(C:\Users\Anurag Dutta\AppData\Local\Programs\MiKTeX\tex/latex/epstopdf-pkg\eps
topdf-base.sty
Package: epstopdf-base 2020-01-24 v2.11 Base part for package epstopdf
Package epstopdf-base Info: Redefining graphics rule for `.eps' on input line 4
85.

(C:\Users\Anurag Dutta\AppData\Local\Programs\MiKTeX\tex/latex/00miktex\epstopd
f-sys.cfg
File: epstopdf-sys.cfg 2021/03/18 v2.0 Configuration of epstopdf for MiKTeX
))
Package caption Info: Begin \AtBeginDocument code.
Package caption Info: float package is loaded.
Package caption Info: hyperref package is loaded.
Package caption Info: End \AtBeginDocument code.
Package hyperref Info: Link coloring OFF on input line 33.

(C:\Users\Anurag Dutta\AppData\Local\Programs\MiKTeX\tex/latex/hyperref\nameref
.sty
Package: nameref 2021-04-02 v2.47 Cross-referencing by name of section

(C:\Users\Anurag Dutta\AppData\Local\Programs\MiKTeX\tex/latex/refcount\refcoun
t.sty
Package: refcount 2019/12/15 v3.6 Data extraction from label references (HO)
)
(C:\Users\Anurag Dutta\AppData\Local\Programs\MiKTeX\tex/generic/gettitlestring
\gettitlestring.sty
Package: gettitlestring 2019/12/15 v1.6 Cleanup title references (HO)
)
\c@section@level=\count316
)
LaTeX Info: Redefining \ref on input line 33.
LaTeX Info: Redefining \pageref on input line 33.
LaTeX Info: Redefining \nameref on input line 33.

(Attractor inspired Deep Learning for Modelling Chaotic Systems.out)
(Attractor inspired Deep Learning for Modelling Chaotic Systems.out)
\@outlinefile=\write3
\openout3 = `"Attractor inspired Deep Learning for Modelling Chaotic Systems.ou
t"'.

LaTeX Font Info:    Calculating math sizes for size <11> on input line 50.
LaTeX Font Info:    Trying to load font information for U+msa on input line 50.


(C:\Users\Anurag Dutta\AppData\Local\Programs\MiKTeX\tex/latex/amsfonts\umsa.fd
File: umsa.fd 2013/01/14 v3.01 AMS symbols A
)
LaTeX Font Info:    Trying to load font information for U+msb on input line 50.


(C:\Users\Anurag Dutta\AppData\Local\Programs\MiKTeX\tex/latex/amsfonts\umsb.fd
File: umsb.fd 2013/01/14 v3.01 AMS symbols B
)
Underfull \hbox (badness 2626) in paragraph at lines 61--62
\OT1/ptm/m/n/10 power, com-pu-ta-tional ad-vance-ments, and the abun-dance
 []


Underfull \hbox (badness 7133) in paragraph at lines 61--62
\OT1/ptm/m/n/10 to-wards con-tem-po-rary information-driven tech-niques in
 []


Underfull \hbox (badness 10000) in paragraph at lines 61--62

 []

<1.png, id=38, 1378.14874pt x 1378.14874pt>
File: 1.png Graphic file (type png)
<use 1.png>
Package pdftex.def Info: 1.png  used on input line 74.
(pdftex.def)             Requested size: 252.0pt x 251.98846pt.

Underfull \hbox (badness 4621) in paragraph at lines 72--78
 \OT1/ptm/m/n/10 Freak oc-cur-rences that are ex-tremely sus-cep-ti-ble to
 []


Underfull \hbox (badness 10000) in paragraph at lines 72--78
\OT1/ptm/m/n/10 per-tur-ba-tions, in-clud-ing nat-u-ral dis-as-ters [20] and
 []


Underfull \hbox (badness 2837) in paragraph at lines 72--78
\OT1/ptm/m/n/10 me-te-o-ro-log-i-cal pat-terns [21], are fre-quently re-ferred 
to
 []


Underfull \hbox (badness 4217) in paragraph at lines 72--78
\OT1/ptm/m/n/10 events make long-term fore-cast-ing dif-fi-cult. Dy-nam-i-cal
 []


Underfull \hbox (badness 1533) in paragraph at lines 72--78
\OT1/ptm/m/n/10 When dis-tor-tion or dis-tur-bance is preva-lent, par-tic-u-lar
ly
 []


Underfull \hbox (badness 10000) in paragraph at lines 72--78
\OT1/ptm/m/n/10 con-sid-er-a-tions. How-ever, cer-tain non-linearities can-not
 []


Underfull \hbox (badness 2103) in paragraph at lines 72--78
\OT1/ptm/m/n/10 vol-umes of data are re-quired for train-ing deep neu-ral
 []


Underfull \hbox (badness 3803) in paragraph at lines 72--78
\OT1/ptm/m/n/10 net-work al-go-rithms in information-driven method-olo-gies
 []


Underfull \hbox (badness 4060) in paragraph at lines 72--78
\OT1/ptm/m/n/10 de-pen-dence. Sev-eral stud-ies con-cen-trated on mod-elling
 []


Underfull \hbox (badness 1472) in paragraph at lines 72--78
\OT1/ptm/m/n/10 se-vere oc-cur-rences, this method is well suited. It adds
 []


Underfull \hbox (badness 5681) in paragraph at lines 72--78
\OT1/ptm/m/n/10 phys-i-o-log-i-cal ex-per-tise into information-driven ma-chine

 []


Underfull \hbox (badness 2689) in paragraph at lines 72--78
\OT1/ptm/m/n/10 3D tem-per-a-ture mea-sure-ments uti-liz-ing known laws of
 []


Underfull \hbox (badness 10000) in paragraph at lines 72--78

 []

[1{C:/Users/Anurag Dutta/AppData/Local/MiKTeX/pdftex/config/pdftex.map}


]
Underfull \vbox (badness 3439) has occurred while \output is active []


Underfull \hbox (badness 10000) in paragraph at lines 79--80

 []

[2 <./1.png>]
<2.png, id=69, 1378.14874pt x 1378.14874pt>
File: 2.png Graphic file (type png)
<use 2.png>
Package pdftex.def Info: 2.png  used on input line 103.
(pdftex.def)             Requested size: 252.0pt x 251.98846pt.
<3.png, id=73, 1378.14874pt x 1378.14874pt>
File: 3.png Graphic file (type png)
<use 3.png>
Package pdftex.def Info: 3.png  used on input line 119.
(pdftex.def)             Requested size: 252.0pt x 251.98846pt.
 [3 <./2.png>]
LaTeX Font Info:    Trying to load font information for U+euf on input line 129
.

(C:\Users\Anurag Dutta\AppData\Local\Programs\MiKTeX\tex/latex/amsfonts\ueuf.fd
File: ueuf.fd 2013/01/14 v3.01 Euler Fraktur
)
Underfull \hbox (badness 10000) in paragraph at lines 137--139

 []


Underfull \hbox (badness 10000) in paragraph at lines 140--152
[]\OT1/ptm/m/n/10 For, Ra-bi-novich Fab-rikant At-trac-tor In-spired
 []


Underfull \hbox (badness 10000) in paragraph at lines 140--152
\OT1/ptm/m/n/10 Deep Learn-ing, the Loss Func-tion would be, 
 []


Underfull \hbox (badness 10000) in paragraph at lines 140--152

 []

CUTED [- LAST -]
Extra skip:0.0pt
Left:439.3385pt/2.16492pt
Right:441.20528pt/2.16492pt
Split: 440.27188pt
Output:440.27188pt
Pageshrink: 10.45001pt
Pagestretch: 24.89998pt
@colht:672.0pt
CUTED [output]: 440.27188pt
CUTED [leftcolumn badness]: 0
CUTED [rightcolumn badness]: 0

Underfull \hbox (badness 10000) in paragraph at lines 156--158
\OT1/ptm/m/n/10 Here, us-ing the AiDL, we will com-pute $\OML/cmm/m/it/10 x []$
\OT1/ptm/m/n/10 ,
 []

[4 <./3.png>]
Package hyperref Info: bookmark level for unknown algorithm defaults to 0 on in
put line 170.

Underfull \hbox (badness 10000) in paragraph at lines 172--173
[]$[][]$\OT1/ptm/m/n/10 , $[][]$, and
 []

<13.png, id=106, 2265.6645pt x 2785.40625pt>
File: 13.png Graphic file (type png)
<use 13.png>
Package pdftex.def Info: 13.png  used on input line 213.
(pdftex.def)             Requested size: 516.0pt x 634.3397pt.

Underfull \hbox (badness 5490) in paragraph at lines 244--245
\OT1/ptm/m/it/8 lin-ear Sci-ence\OT1/ptm/m/n/8 , vol. 15, no. 3, p. 033902, Sep
. 2005, doi:
 []


Underfull \hbox (badness 10000) in paragraph at lines 246--247
[]\OT1/ptm/m/n/8 V. Haimo, \Fi-nite time dif-fer-en-tial equa-tions," \OT1/ptm/
m/it/8 1985 24th
 []


Underfull \hbox (badness 5741) in paragraph at lines 246--247
\OT1/ptm/m/it/8 IEEE Con-fer-ence on De-ci-sion and Con-trol\OT1/ptm/m/n/8 , De
c. 1985, doi:
 []


Underfull \hbox (badness 3547) in paragraph at lines 250--251
[]\OT1/ptm/m/n/8 H. Schulz and S. Behnke, \Deep Learn-ing," \OT1/ptm/m/it/8 KI 
- K[]unstliche
 []


Underfull \hbox (badness 10000) in paragraph at lines 250--251
\OT1/ptm/m/it/8 In-tel-li-genz\OT1/ptm/m/n/8 , vol. 26, no. 4, pp. 357{363, May
 2012, doi:
 []


Underfull \hbox (badness 10000) in paragraph at lines 251--252
[]\OT1/ptm/m/n/8 Y. Le-Cun, Y. Ben-gio, and G. Hin-ton, \Deep Learn-ing,"
 []


Underfull \hbox (badness 7397) in paragraph at lines 251--252
\OT1/ptm/m/it/8 Na-ture\OT1/ptm/m/n/8 , vol. 521, no. 7553, pp. 436{444, May 20
15, doi:
 []

[5]
LaTeX Font Info:    Trying to load font information for TS1+ptm on input line 2
53.

(C:\Users\Anurag Dutta\AppData\Local\Programs\MiKTeX\tex/latex/psnfss\ts1ptm.fd
File: ts1ptm.fd 2001/06/04 font definitions for TS1/ptm.
)
Underfull \hbox (badness 10000) in paragraph at lines 254--255
[]\OT1/ptm/m/n/8 B. Srini-vasan, \A guide to the Michaelis{Menten equa-tion:
 []


Underfull \hbox (badness 3189) in paragraph at lines 254--255
\OT1/ptm/m/n/8 steady state and be-yond," \OT1/ptm/m/it/8 The FEBS Jour-nal\OT1
/ptm/m/n/8 , Jul. 2021, doi:
 []

LaTeX Font Info:    Trying to load font information for T1+ptm on input line 25
6.
(C:\Users\Anurag Dutta\AppData\Local\Programs\MiKTeX\tex/latex/psnfss\t1ptm.fd
File: t1ptm.fd 2001/06/04 font definitions for T1/ptm.
)
Underfull \hbox (badness 1571) in paragraph at lines 260--261
[]\OT1/ptm/m/n/8 J.-M. Gi-noux and C. Gerini, \Henri Poincar[]e," Sep. 2013, do
i:
 []


Underfull \hbox (badness 1655) in paragraph at lines 262--263
[]\OT1/ptm/m/n/8 B.-W. . Shen, \Non-lin-ear feed-back in a six-dimensional Lore
nz
 []


Underfull \hbox (badness 2970) in paragraph at lines 262--263
\OT1/ptm/m/it/8 in Geo-physics\OT1/ptm/m/n/8 , vol. 22, no. 6, pp. 749{764, Dec
. 2015, doi:
 []


Underfull \hbox (badness 2922) in paragraph at lines 265--266
[]\OT1/ptm/m/n/8 G. E. Kar-ni-adakis, I. G. Kevrekidis, L. Lu, P. Perdikaris, S
.
 []


Underfull \hbox (badness 2608) in paragraph at lines 265--266
\OT1/ptm/m/it/8 Re-views Physics\OT1/ptm/m/n/8 , vol. 3, no. 6, pp. 422{440, Ju
n. 2021, doi:
 []


Underfull \hbox (badness 5893) in paragraph at lines 267--268
[]\OT1/ptm/m/n/8 H. Robin-son, S. Pawar, A. Rasheed, and O. San, \Physics
 []


Underfull \hbox (badness 2990) in paragraph at lines 267--268
\OT1/ptm/m/n/8 guided neu-ral net-works for mod-elling of non-linear dy-nam-ics
,"
 []


Underfull \hbox (badness 10000) in paragraph at lines 267--268
\OT1/ptm/m/it/8 Neu-ral Net-works\OT1/ptm/m/n/8 , vol. 154, pp. 333{345, Oct. 2
022, doi:
 []


Underfull \hbox (badness 1565) in paragraph at lines 269--270
\OT1/ptm/m/it/8 e-mat-i-cal Physics\OT1/ptm/m/n/8 , vol. 99, no. 2, pp. 177{195
, Jun. 1985, doi:
 []


Underfull \hbox (badness 5217) in paragraph at lines 271--272
[]\OT1/ptm/m/n/8 C. Gre-bogi, E. Ott, and J. A. Yorke, \Chaos, Strange At-
 []


Underfull \hbox (badness 2326) in paragraph at lines 271--272
\OT1/ptm/m/n/8 trac-tors, and Frac-tal Basin Bound-aries in Non-lin-ear Dy-nam-
ics,"
 []


Underfull \hbox (badness 6741) in paragraph at lines 271--272
\OT1/ptm/m/it/8 Sci-ence\OT1/ptm/m/n/8 , vol. 238, no. 4827, pp. 632{638, Oct. 
1987, doi:
 []


Underfull \hbox (badness 7238) in paragraph at lines 275--276
[]\OT1/ptm/m/n/8 J. R. Dor-mand and P. J. Prince, \New Runge-Kutta al-go-
 []


Underfull \hbox (badness 1406) in paragraph at lines 275--276
\OT1/ptm/m/n/8 rithms for nu-mer-i-cal sim-u-la-tion in dy-nam-i-cal as-tron-om
y," \OT1/ptm/m/it/8 Ce-les-
 []


Underfull \hbox (badness 2781) in paragraph at lines 275--276
\OT1/ptm/m/it/8 tial Me-chan-ics\OT1/ptm/m/n/8 , vol. 18, no. 3, pp. 223{232, O
ct. 1978, doi:
 []


Underfull \hbox (badness 4673) in paragraph at lines 278--280
[]\OT1/ptm/m/n/8 P. Tah-masebi and A. Hezarkhani, \Ap-pli-ca-tion of a Mod-u-la
r
 []


Underfull \hbox (badness 2922) in paragraph at lines 278--280
\OT1/ptm/m/it/8 sources Re-search\OT1/ptm/m/n/8 , vol. 20, no. 1, pp. 25{32, Ja
n. 2011, doi:
 []


** Conference Paper **
Before submitting the final camera ready copy, remember to:

 1. Manually equalize the lengths of two columns on the last page
 of your paper;

 2. Ensure that any PostScript and/or PDF output post-processing
 uses only Type 1 fonts and that every step in the generation
 process uses the appropriate paper size.

[6] [7 <./13.png>]
(Attractor inspired Deep Learning for Modelling Chaotic Systems.aux)

LaTeX Warning: Label(s) may have changed. Rerun to get cross-references right.

Package rerunfilecheck Info: File `"Attractor inspired Deep Learning for Modell
ing Chaotic Systems".out' has not changed.
(rerunfilecheck)             Checksum: FC6CAC1C75855C98C8F29BEB54213E1D;1078.
 ) 
Here is how much of TeX's memory you used:
 13501 strings out of 478927
 212029 string characters out of 2849181
 545235 words of memory out of 3000000
 31080 multiletter control sequences out of 15000+600000
 448504 words of font info for 119 fonts, out of 8000000 for 9000
 1141 hyphenation exceptions out of 8191
 60i,12n,66p,3566b,471s stack positions out of 5000i,500n,10000p,200000b,80000s
{C:/Users/Anurag Dutta/AppData/Local/Programs/MiKTeX/fonts/enc/dvips/base/8r.
enc}<C:/Users/Anurag Dutta/AppData/Local/Programs/MiKTeX/fonts/type1/public/ams
fonts/cm/cmex10.pfb><C:/Users/Anurag Dutta/AppData/Local/Programs/MiKTeX/fonts/
type1/public/amsfonts/cm/cmmi10.pfb><C:/Users/Anurag Dutta/AppData/Local/Progra
ms/MiKTeX/fonts/type1/public/amsfonts/cm/cmmi7.pfb><C:/Users/Anurag Dutta/AppDa
ta/Local/Programs/MiKTeX/fonts/type1/public/amsfonts/cm/cmr10.pfb><C:/Users/Anu
rag Dutta/AppData/Local/Programs/MiKTeX/fonts/type1/public/amsfonts/cm/cmr5.pfb
><C:/Users/Anurag Dutta/AppData/Local/Programs/MiKTeX/fonts/type1/public/amsfon
ts/cm/cmr7.pfb><C:/Users/Anurag Dutta/AppData/Local/Programs/MiKTeX/fonts/type1
/public/amsfonts/cm/cmsy10.pfb><C:/Users/Anurag Dutta/AppData/Local/Programs/Mi
KTeX/fonts/type1/public/amsfonts/cm/cmsy7.pfb><C:/Users/Anurag Dutta/AppData/Lo
cal/Programs/MiKTeX/fonts/type1/public/amsfonts/euler/eufm10.pfb><C:/Users/Anur
ag Dutta/AppData/Local/Programs/MiKTeX/fonts/type1/urw/times/utmb8a.pfb><C:/Use
rs/Anurag Dutta/AppData/Local/Programs/MiKTeX/fonts/type1/urw/times/utmbi8a.pfb
><C:/Users/Anurag Dutta/AppData/Local/Programs/MiKTeX/fonts/type1/urw/times/utm
r8a.pfb><C:/Users/Anurag Dutta/AppData/Local/Programs/MiKTeX/fonts/type1/urw/ti
mes/utmri8a.pfb>
Output written on "Attractor inspired Deep Learning for Modelling Chaotic Syste
ms.pdf" (7 pages, 4253580 bytes).
PDF statistics:
 239 PDF objects out of 1000 (max. 8388607)
 76 named destinations out of 1000 (max. 500000)
 85 words of extra memory for PDF output out of 10000 (max. 10000000)

